c:\users\student\documents\visual studio 2015\projects\horror_game000\debug\vc140.pdb
c:\users\student\documents\visual studio 2015\projects\horror_game000\debug\vc140.idb
c:\users\student\documents\visual studio 2015\projects\horror_game000\debug\landmark.nativecodeanalysis.xml
c:\users\student\documents\visual studio 2015\projects\horror_game000\debug\light.nativecodeanalysis.xml
c:\users\student\documents\visual studio 2015\projects\horror_game000\debug\main.nativecodeanalysis.xml
c:\users\student\documents\visual studio 2015\projects\horror_game000\debug\manager.nativecodeanalysis.xml
c:\users\student\documents\visual studio 2015\projects\horror_game000\debug\number.nativecodeanalysis.xml
c:\users\student\documents\visual studio 2015\projects\horror_game000\debug\object.nativecodeanalysis.xml
c:\users\student\documents\visual studio 2015\projects\horror_game000\debug\object2d.nativecodeanalysis.xml
c:\users\student\documents\visual studio 2015\projects\horror_game000\debug\object3d.nativecodeanalysis.xml
c:\users\student\documents\visual studio 2015\projects\horror_game000\debug\option.nativecodeanalysis.xml
c:\users\student\documents\visual studio 2015\projects\horror_game000\debug\pause.nativecodeanalysis.xml
c:\users\student\documents\visual studio 2015\projects\horror_game000\debug\plant.nativecodeanalysis.xml
c:\users\student\documents\visual studio 2015\projects\horror_game000\debug\renderer.nativecodeanalysis.xml
c:\users\student\documents\visual studio 2015\projects\horror_game000\debug\result.nativecodeanalysis.xml
c:\users\student\documents\visual studio 2015\projects\horror_game000\debug\sound.nativecodeanalysis.xml
c:\users\student\documents\visual studio 2015\projects\horror_game000\debug\stencil.nativecodeanalysis.xml
c:\users\student\documents\visual studio 2015\projects\horror_game000\debug\texture.nativecodeanalysis.xml
c:\users\student\documents\visual studio 2015\projects\horror_game000\debug\title.nativecodeanalysis.xml
c:\users\student\documents\visual studio 2015\projects\horror_game000\debug\tutorial.nativecodeanalysis.xml
c:\users\student\documents\visual studio 2015\projects\horror_game000\debug\useful.nativecodeanalysis.xml
c:\users\student\documents\visual studio 2015\projects\horror_game000\debug\xobject.nativecodeanalysis.xml
c:\users\student\documents\visual studio 2015\projects\horror_game000\debug\xobject.obj
c:\users\student\documents\visual studio 2015\projects\horror_game000\debug\useful.obj
c:\users\student\documents\visual studio 2015\projects\horror_game000\debug\tutorial.obj
c:\users\student\documents\visual studio 2015\projects\horror_game000\debug\title.obj
c:\users\student\documents\visual studio 2015\projects\horror_game000\debug\texture.obj
c:\users\student\documents\visual studio 2015\projects\horror_game000\debug\stencil.obj
c:\users\student\documents\visual studio 2015\projects\horror_game000\debug\sound.obj
c:\users\student\documents\visual studio 2015\projects\horror_game000\debug\result.obj
c:\users\student\documents\visual studio 2015\projects\horror_game000\debug\renderer.obj
c:\users\student\documents\visual studio 2015\projects\horror_game000\debug\plant.obj
c:\users\student\documents\visual studio 2015\projects\horror_game000\debug\pause.obj
c:\users\student\documents\visual studio 2015\projects\horror_game000\debug\option.obj
c:\users\student\documents\visual studio 2015\projects\horror_game000\debug\object3d.obj
c:\users\student\documents\visual studio 2015\projects\horror_game000\debug\object2d.obj
c:\users\student\documents\visual studio 2015\projects\horror_game000\debug\object.obj
c:\users\student\documents\visual studio 2015\projects\horror_game000\debug\number.obj
c:\users\student\documents\visual studio 2015\projects\horror_game000\debug\manager.obj
c:\users\student\documents\visual studio 2015\projects\horror_game000\debug\main.obj
c:\users\student\documents\visual studio 2015\projects\horror_game000\debug\light.obj
c:\users\student\documents\visual studio 2015\projects\horror_game000\debug\landmark.obj
c:\users\student\documents\visual studio 2015\projects\horror_game000\debug\2dparticle.nativecodeanalysis.xml
c:\users\student\documents\visual studio 2015\projects\horror_game000\debug\2dselect.nativecodeanalysis.xml
c:\users\student\documents\visual studio 2015\projects\horror_game000\debug\3deffect.nativecodeanalysis.xml
c:\users\student\documents\visual studio 2015\projects\horror_game000\debug\3denemy.nativecodeanalysis.xml
c:\users\student\documents\visual studio 2015\projects\horror_game000\debug\3dparticle.nativecodeanalysis.xml
c:\users\student\documents\visual studio 2015\projects\horror_game000\debug\3dplayer.nativecodeanalysis.xml
c:\users\student\documents\visual studio 2015\projects\horror_game000\debug\bilb.nativecodeanalysis.xml
c:\users\student\documents\visual studio 2015\projects\horror_game000\debug\billbicon.nativecodeanalysis.xml
c:\users\student\documents\visual studio 2015\projects\horror_game000\debug\building.nativecodeanalysis.xml
c:\users\student\documents\visual studio 2015\projects\horror_game000\debug\camera.nativecodeanalysis.xml
c:\users\student\documents\visual studio 2015\projects\horror_game000\debug\cover.nativecodeanalysis.xml
c:\users\student\documents\visual studio 2015\projects\horror_game000\debug\debugproc.nativecodeanalysis.xml
c:\users\student\documents\visual studio 2015\projects\horror_game000\debug\destarrow.nativecodeanalysis.xml
c:\users\student\documents\visual studio 2015\projects\horror_game000\debug\fade.nativecodeanalysis.xml
c:\users\student\documents\visual studio 2015\projects\horror_game000\debug\field.nativecodeanalysis.xml
c:\users\student\documents\visual studio 2015\projects\horror_game000\debug\fog.nativecodeanalysis.xml
c:\users\student\documents\visual studio 2015\projects\horror_game000\debug\font.nativecodeanalysis.xml
c:\users\student\documents\visual studio 2015\projects\horror_game000\debug\game.nativecodeanalysis.xml
c:\users\student\documents\visual studio 2015\projects\horror_game000\debug\input.nativecodeanalysis.xml
c:\users\student\documents\visual studio 2015\projects\horror_game000\debug\item.nativecodeanalysis.xml
c:\users\student\documents\visual studio 2015\projects\horror_game000\debug\item.obj
c:\users\student\documents\visual studio 2015\projects\horror_game000\debug\input.obj
c:\users\student\documents\visual studio 2015\projects\horror_game000\debug\game.obj
c:\users\student\documents\visual studio 2015\projects\horror_game000\debug\font.obj
c:\users\student\documents\visual studio 2015\projects\horror_game000\debug\fog.obj
c:\users\student\documents\visual studio 2015\projects\horror_game000\debug\field.obj
c:\users\student\documents\visual studio 2015\projects\horror_game000\debug\fade.obj
c:\users\student\documents\visual studio 2015\projects\horror_game000\debug\destarrow.obj
c:\users\student\documents\visual studio 2015\projects\horror_game000\debug\debugproc.obj
c:\users\student\documents\visual studio 2015\projects\horror_game000\debug\cover.obj
c:\users\student\documents\visual studio 2015\projects\horror_game000\debug\camera.obj
c:\users\student\documents\visual studio 2015\projects\horror_game000\debug\building.obj
c:\users\student\documents\visual studio 2015\projects\horror_game000\debug\billbicon.obj
c:\users\student\documents\visual studio 2015\projects\horror_game000\debug\bilb.obj
c:\users\student\documents\visual studio 2015\projects\horror_game000\debug\3dplayer.obj
c:\users\student\documents\visual studio 2015\projects\horror_game000\debug\3dparticle.obj
c:\users\student\documents\visual studio 2015\projects\horror_game000\debug\3denemy.obj
c:\users\student\documents\visual studio 2015\projects\horror_game000\debug\3deffect.obj
c:\users\student\documents\visual studio 2015\projects\horror_game000\debug\2dselect.obj
c:\users\student\documents\visual studio 2015\projects\horror_game000\debug\2dparticle.obj
c:\users\student\documents\visual studio 2015\projects\horror_game000\debug\2dchar.nativecodeanalysis.xml
c:\users\student\documents\visual studio 2015\projects\horror_game000\debug\2deffect.nativecodeanalysis.xml
c:\users\student\documents\visual studio 2015\projects\horror_game000\debug\2dgauge.nativecodeanalysis.xml
c:\users\student\documents\visual studio 2015\projects\horror_game000\debug\2dinfo.nativecodeanalysis.xml
c:\users\student\documents\visual studio 2015\projects\horror_game000\debug\2dinfo.obj
c:\users\student\documents\visual studio 2015\projects\horror_game000\debug\2dgauge.obj
c:\users\student\documents\visual studio 2015\projects\horror_game000\debug\2deffect.obj
c:\users\student\documents\visual studio 2015\projects\horror_game000\debug\2dchar.obj
c:\users\student\documents\visual studio 2015\projects\horror_game000\debug\horror_game000.ilk
c:\users\student\documents\visual studio 2015\projects\horror_game000\debug\horror_game000.exe
c:\users\student\documents\visual studio 2015\projects\horror_game000\debug\horror_game000.pdb
c:\users\student\documents\visual studio 2015\projects\horror_game000\debug\3dplayer.obj.enc
c:\users\student\documents\visual studio 2015\projects\horror_game000\debug\xobject.obj.enc
c:\users\student\documents\visual studio 2015\projects\horror_game000\debug\nativecodeanalysis.read.1.tlog
c:\users\student\documents\visual studio 2015\projects\horror_game000\debug\vc.nativecodeanalysis.all.xml
c:\users\student\documents\visual studio 2015\projects\horror_game000\debug\horror_game000.exe.lastcodeanalysissucceeded
c:\users\student\documents\visual studio 2015\projects\horror_game000\debug\horror_game000.tlog\cl.command.1.tlog
c:\users\student\documents\visual studio 2015\projects\horror_game000\debug\horror_game000.tlog\cl.read.1.tlog
c:\users\student\documents\visual studio 2015\projects\horror_game000\debug\horror_game000.tlog\cl.write.1.tlog
c:\users\student\documents\visual studio 2015\projects\horror_game000\debug\horror_game000.tlog\link.command.1.tlog
c:\users\student\documents\visual studio 2015\projects\horror_game000\debug\horror_game000.tlog\link.read.1.tlog
c:\users\student\documents\visual studio 2015\projects\horror_game000\debug\horror_game000.tlog\link.write.1.tlog
